<?xml version="1.0" encoding="UTF-8"?>
<!-- Generated by org.testng.reporters.JUnitReportReporter -->
<testsuite hostname="LYN-8S44P13" failures="0" tests="2" name="pojo.GetCourse" time="0.010" errors="0" timestamp="2025-02-26T11:49:32 IST" skipped="0">
  <testcase classname="pojo.GetCourse" name="b" time="0.001"/>
  <system-out/>
  <testcase classname="pojo.GetCourse" name="a" time="0.009"/>
  <system-out/>
</testsuite> <!-- pojo.GetCourse -->
