<?xml version="1.0" encoding="UTF-8"?>
<!-- Generated by org.testng.reporters.JUnitReportReporter -->
<testsuite hostname="LYN-8S44P13" failures="0" tests="3" name="restAssuresJava.dynamicJsonPayload.DynamicJson" time="1.984" errors="0" timestamp="2025-02-24T13:09:48 IST" skipped="0">
  <testcase classname="restAssuresJava.dynamicJsonPayload.DynamicJson" name="addBook" time="0.110"/>
  <system-out/>
  <testcase classname="restAssuresJava.dynamicJsonPayload.DynamicJson" name="addBook" time="0.115"/>
  <system-out/>
  <testcase classname="restAssuresJava.dynamicJsonPayload.DynamicJson" name="addBook" time="1.759"/>
  <system-out/>
</testsuite> <!-- restAssuresJava.dynamicJsonPayload.DynamicJson -->
