<?xml version="1.0" encoding="UTF-8"?>
<!-- Generated by org.testng.reporters.JUnitReportReporter -->
<testsuite hostname="LYN-8S44P13" failures="0" tests="2" name="restAssuresJava.jiraAPIs.CreateIssue" time="6.170" errors="0" timestamp="2025-02-24T18:44:28 IST" skipped="0">
  <testcase classname="restAssuresJava.jiraAPIs.CreateIssue" name="createIssue" time="3.440"/>
  <system-out/>
  <testcase classname="restAssuresJava.jiraAPIs.CreateIssue" name="sendAttachment" time="2.730"/>
  <system-out/>
</testsuite> <!-- restAssuresJava.jiraAPIs.CreateIssue -->
