<?xml version="1.0" encoding="UTF-8"?>
<!-- Generated by org.testng.reporters.JUnitReportReporter -->
<testsuite hostname="LYN-8S44P13" failures="0" tests="1" name="restAssuresJava.complexJSonPayload.SumValidation" time="1.032" errors="0" timestamp="2025-02-21T17:42:16 IST" skipped="0">
  <testcase classname="restAssuresJava.complexJSonPayload.SumValidation" name="SumOfCourses" time="1.032"/>
  <system-out/>
</testsuite> <!-- restAssuresJava.complexJSonPayload.SumValidation -->
